{"D:\\Irishka\\Desktop\\battleship-game-folder\\battleship-game\\src\\repositories\\repository.js": {"path":"D:\\Irishka\\Desktop\\battleship-game-folder\\battleship-game\\src\\repositories\\repository.js","all":false,"statementMap":{"0":{"start":{"line":1,"column":0},"end":{"line":1,"column":25}},"1":{"start":{"line":2,"column":0},"end":{"line":2,"column":16}},"2":{"start":{"line":3,"column":0},"end":{"line":3,"column":0}},"3":{"start":{"line":4,"column":0},"end":{"line":4,"column":29}},"4":{"start":{"line":5,"column":0},"end":{"line":5,"column":0}},"5":{"start":{"line":6,"column":0},"end":{"line":6,"column":18}},"6":{"start":{"line":7,"column":0},"end":{"line":7,"column":35}},"7":{"start":{"line":8,"column":0},"end":{"line":8,"column":39}},"8":{"start":{"line":9,"column":0},"end":{"line":9,"column":9}},"9":{"start":{"line":10,"column":0},"end":{"line":10,"column":36}},"10":{"start":{"line":11,"column":0},"end":{"line":11,"column":0}},"11":{"start":{"line":12,"column":0},"end":{"line":12,"column":25}},"12":{"start":{"line":13,"column":0},"end":{"line":13,"column":5}},"13":{"start":{"line":14,"column":0},"end":{"line":14,"column":0}},"14":{"start":{"line":15,"column":0},"end":{"line":15,"column":19}},"15":{"start":{"line":16,"column":0},"end":{"line":16,"column":39}},"16":{"start":{"line":17,"column":0},"end":{"line":17,"column":74}},"17":{"start":{"line":18,"column":0},"end":{"line":18,"column":31}},"18":{"start":{"line":19,"column":0},"end":{"line":19,"column":5}},"19":{"start":{"line":20,"column":0},"end":{"line":20,"column":0}},"20":{"start":{"line":21,"column":0},"end":{"line":21,"column":12}},"21":{"start":{"line":22,"column":0},"end":{"line":22,"column":52}},"22":{"start":{"line":23,"column":0},"end":{"line":23,"column":5}},"23":{"start":{"line":24,"column":0},"end":{"line":24,"column":0}},"24":{"start":{"line":25,"column":0},"end":{"line":25,"column":24}},"25":{"start":{"line":26,"column":0},"end":{"line":26,"column":91}},"26":{"start":{"line":27,"column":0},"end":{"line":27,"column":48}},"27":{"start":{"line":28,"column":0},"end":{"line":28,"column":5}},"28":{"start":{"line":29,"column":0},"end":{"line":29,"column":0}},"29":{"start":{"line":30,"column":0},"end":{"line":30,"column":39}},"30":{"start":{"line":31,"column":0},"end":{"line":31,"column":91}},"31":{"start":{"line":32,"column":0},"end":{"line":32,"column":22}},"32":{"start":{"line":33,"column":0},"end":{"line":33,"column":28}},"33":{"start":{"line":34,"column":0},"end":{"line":34,"column":9}},"34":{"start":{"line":35,"column":0},"end":{"line":35,"column":0}},"35":{"start":{"line":36,"column":0},"end":{"line":36,"column":42}},"36":{"start":{"line":37,"column":0},"end":{"line":37,"column":44}},"37":{"start":{"line":38,"column":0},"end":{"line":38,"column":9}},"38":{"start":{"line":39,"column":0},"end":{"line":39,"column":0}},"39":{"start":{"line":40,"column":0},"end":{"line":40,"column":27}},"40":{"start":{"line":41,"column":0},"end":{"line":41,"column":5}},"41":{"start":{"line":42,"column":0},"end":{"line":42,"column":0}},"42":{"start":{"line":43,"column":0},"end":{"line":43,"column":23}},"43":{"start":{"line":44,"column":0},"end":{"line":44,"column":91}},"44":{"start":{"line":45,"column":0},"end":{"line":45,"column":22}},"45":{"start":{"line":46,"column":0},"end":{"line":46,"column":18}},"46":{"start":{"line":47,"column":0},"end":{"line":47,"column":9}},"47":{"start":{"line":48,"column":0},"end":{"line":48,"column":63}},"48":{"start":{"line":49,"column":0},"end":{"line":49,"column":5}},"49":{"start":{"line":50,"column":0},"end":{"line":50,"column":1}}},"s":{"0":2,"1":14,"2":14,"3":14,"4":14,"5":14,"6":14,"7":12,"8":12,"9":2,"10":2,"11":2,"12":14,"13":14,"14":14,"15":4,"16":4,"17":4,"18":4,"19":14,"20":14,"21":3,"22":3,"23":14,"24":14,"25":2,"26":2,"27":2,"28":14,"29":14,"30":2,"31":2,"32":1,"33":1,"34":1,"35":1,"36":1,"37":1,"38":1,"39":1,"40":2,"41":14,"42":14,"43":2,"44":2,"45":1,"46":1,"47":1,"48":2,"49":14},"branchMap":{"0":{"type":"branch","line":1,"loc":{"start":{"line":1,"column":0},"end":{"line":50,"column":1}},"locations":[{"start":{"line":1,"column":0},"end":{"line":50,"column":1}}]},"1":{"type":"branch","line":1,"loc":{"start":{"line":1,"column":24},"end":{"line":50,"column":1}},"locations":[{"start":{"line":1,"column":24},"end":{"line":50,"column":1}}]},"2":{"type":"branch","line":6,"loc":{"start":{"line":6,"column":4},"end":{"line":13,"column":5}},"locations":[{"start":{"line":6,"column":4},"end":{"line":13,"column":5}}]},"3":{"type":"branch","line":7,"loc":{"start":{"line":7,"column":34},"end":{"line":9,"column":9}},"locations":[{"start":{"line":7,"column":34},"end":{"line":9,"column":9}}]},"4":{"type":"branch","line":10,"loc":{"start":{"line":10,"column":-2},"end":{"line":13,"column":4}},"locations":[{"start":{"line":10,"column":-2},"end":{"line":13,"column":4}}]},"5":{"type":"branch","line":15,"loc":{"start":{"line":15,"column":4},"end":{"line":19,"column":5}},"locations":[{"start":{"line":15,"column":4},"end":{"line":19,"column":5}}]},"6":{"type":"branch","line":21,"loc":{"start":{"line":21,"column":4},"end":{"line":23,"column":5}},"locations":[{"start":{"line":21,"column":4},"end":{"line":23,"column":5}}]},"7":{"type":"branch","line":22,"loc":{"start":{"line":22,"column":32},"end":{"line":22,"column":51}},"locations":[{"start":{"line":22,"column":32},"end":{"line":22,"column":51}}]},"8":{"type":"branch","line":25,"loc":{"start":{"line":25,"column":4},"end":{"line":28,"column":5}},"locations":[{"start":{"line":25,"column":4},"end":{"line":28,"column":5}}]},"9":{"type":"branch","line":27,"loc":{"start":{"line":27,"column":22},"end":{"line":27,"column":36}},"locations":[{"start":{"line":27,"column":22},"end":{"line":27,"column":36}}]},"10":{"type":"branch","line":27,"loc":{"start":{"line":27,"column":37},"end":{"line":27,"column":48}},"locations":[{"start":{"line":27,"column":37},"end":{"line":27,"column":48}}]},"11":{"type":"branch","line":26,"loc":{"start":{"line":26,"column":41},"end":{"line":26,"column":90}},"locations":[{"start":{"line":26,"column":41},"end":{"line":26,"column":90}}]},"12":{"type":"branch","line":30,"loc":{"start":{"line":30,"column":4},"end":{"line":41,"column":5}},"locations":[{"start":{"line":30,"column":4},"end":{"line":41,"column":5}}]},"13":{"type":"branch","line":32,"loc":{"start":{"line":32,"column":21},"end":{"line":41,"column":4}},"locations":[{"start":{"line":32,"column":21},"end":{"line":41,"column":4}}]},"14":{"type":"branch","line":31,"loc":{"start":{"line":31,"column":41},"end":{"line":31,"column":90}},"locations":[{"start":{"line":31,"column":41},"end":{"line":31,"column":90}}]},"15":{"type":"branch","line":43,"loc":{"start":{"line":43,"column":4},"end":{"line":49,"column":5}},"locations":[{"start":{"line":43,"column":4},"end":{"line":49,"column":5}}]},"16":{"type":"branch","line":45,"loc":{"start":{"line":45,"column":21},"end":{"line":49,"column":4}},"locations":[{"start":{"line":45,"column":21},"end":{"line":49,"column":4}}]},"17":{"type":"branch","line":44,"loc":{"start":{"line":44,"column":41},"end":{"line":44,"column":90}},"locations":[{"start":{"line":44,"column":41},"end":{"line":44,"column":90}}]}},"b":{"0":[2],"1":[14],"2":[14],"3":[12],"4":[2],"5":[4],"6":[3],"7":[7],"8":[2],"9":[1],"10":[1],"11":[4],"12":[2],"13":[1],"14":[4],"15":[2],"16":[1],"17":[3]},"fnMap":{"0":{"name":"<instance_members_initializer>","decl":{"start":{"line":1,"column":24},"end":{"line":50,"column":1}},"loc":{"start":{"line":1,"column":24},"end":{"line":50,"column":1}},"line":1},"1":{"name":"Repository","decl":{"start":{"line":6,"column":4},"end":{"line":13,"column":5}},"loc":{"start":{"line":6,"column":4},"end":{"line":13,"column":5}},"line":6},"2":{"name":"insert","decl":{"start":{"line":15,"column":4},"end":{"line":19,"column":5}},"loc":{"start":{"line":15,"column":4},"end":{"line":19,"column":5}},"line":15},"3":{"name":"list","decl":{"start":{"line":21,"column":4},"end":{"line":23,"column":5}},"loc":{"start":{"line":21,"column":4},"end":{"line":23,"column":5}},"line":21},"4":{"name":"getByPk","decl":{"start":{"line":25,"column":4},"end":{"line":28,"column":5}},"loc":{"start":{"line":25,"column":4},"end":{"line":28,"column":5}},"line":25},"5":{"name":"update","decl":{"start":{"line":30,"column":4},"end":{"line":41,"column":5}},"loc":{"start":{"line":30,"column":4},"end":{"line":41,"column":5}},"line":30},"6":{"name":"delete","decl":{"start":{"line":43,"column":4},"end":{"line":49,"column":5}},"loc":{"start":{"line":43,"column":4},"end":{"line":49,"column":5}},"line":43}},"f":{"0":14,"1":14,"2":4,"3":3,"4":2,"5":2,"6":2}}
,"D:\\Irishka\\Desktop\\battleship-game-folder\\battleship-game\\src\\repositories\\rooms.js": {"path":"D:\\Irishka\\Desktop\\battleship-game-folder\\battleship-game\\src\\repositories\\rooms.js","all":false,"statementMap":{"0":{"start":{"line":1,"column":0},"end":{"line":1,"column":43}},"1":{"start":{"line":2,"column":0},"end":{"line":2,"column":0}},"2":{"start":{"line":3,"column":0},"end":{"line":3,"column":39}},"3":{"start":{"line":4,"column":0},"end":{"line":4,"column":33}},"4":{"start":{"line":5,"column":0},"end":{"line":5,"column":1}}},"s":{"0":1,"1":1,"2":1,"3":3,"4":3},"branchMap":{"0":{"type":"branch","line":1,"loc":{"start":{"line":1,"column":0},"end":{"line":5,"column":1}},"locations":[{"start":{"line":1,"column":0},"end":{"line":5,"column":1}}]},"1":{"type":"branch","line":3,"loc":{"start":{"line":3,"column":38},"end":{"line":5,"column":1}},"locations":[{"start":{"line":3,"column":38},"end":{"line":5,"column":1}}]}},"b":{"0":[1],"1":[3]},"fnMap":{"0":{"name":"<instance_members_initializer>","decl":{"start":{"line":3,"column":38},"end":{"line":5,"column":1}},"loc":{"start":{"line":3,"column":38},"end":{"line":5,"column":1}},"line":3}},"f":{"0":3}}
,"D:\\Irishka\\Desktop\\battleship-game-folder\\battleship-game\\src\\repositories\\users.js": {"path":"D:\\Irishka\\Desktop\\battleship-game-folder\\battleship-game\\src\\repositories\\users.js","all":false,"statementMap":{"0":{"start":{"line":1,"column":0},"end":{"line":1,"column":43}},"1":{"start":{"line":2,"column":0},"end":{"line":2,"column":0}},"2":{"start":{"line":3,"column":0},"end":{"line":3,"column":39}},"3":{"start":{"line":4,"column":0},"end":{"line":4,"column":0}},"4":{"start":{"line":5,"column":0},"end":{"line":5,"column":1}}},"s":{"0":1,"1":1,"2":1,"3":1,"4":1},"branchMap":{"0":{"type":"branch","line":1,"loc":{"start":{"line":1,"column":0},"end":{"line":5,"column":1}},"locations":[{"start":{"line":1,"column":0},"end":{"line":5,"column":1}}]}},"b":{"0":[1]},"fnMap":{},"f":{}}
}
