TN:
SF:src\repositories\repository.js
FN:1,<instance_members_initializer>
FN:6,Repository
FN:15,insert
FN:21,list
FN:25,getByPk
FN:30,update
FN:43,delete
FNF:7
FNH:7
FNDA:14,<instance_members_initializer>
FNDA:14,Repository
FNDA:4,insert
FNDA:3,list
FNDA:2,getByPk
FNDA:2,update
FNDA:2,delete
DA:1,2
DA:2,14
DA:3,14
DA:4,14
DA:5,14
DA:6,14
DA:7,14
DA:8,12
DA:9,12
DA:10,2
DA:11,2
DA:12,2
DA:13,14
DA:14,14
DA:15,14
DA:16,4
DA:17,4
DA:18,4
DA:19,4
DA:20,14
DA:21,14
DA:22,3
DA:23,3
DA:24,14
DA:25,14
DA:26,2
DA:27,2
DA:28,2
DA:29,14
DA:30,14
DA:31,2
DA:32,2
DA:33,1
DA:34,1
DA:35,1
DA:36,1
DA:37,1
DA:38,1
DA:39,1
DA:40,1
DA:41,2
DA:42,14
DA:43,14
DA:44,2
DA:45,2
DA:46,1
DA:47,1
DA:48,1
DA:49,2
DA:50,14
LF:50
LH:50
BRDA:1,0,0,2
BRDA:1,1,0,14
BRDA:6,2,0,14
BRDA:7,3,0,12
BRDA:10,4,0,2
BRDA:15,5,0,4
BRDA:21,6,0,3
BRDA:22,7,0,7
BRDA:25,8,0,2
BRDA:27,9,0,1
BRDA:27,10,0,1
BRDA:26,11,0,4
BRDA:30,12,0,2
BRDA:32,13,0,1
BRDA:31,14,0,4
BRDA:43,15,0,2
BRDA:45,16,0,1
BRDA:44,17,0,3
BRF:18
BRH:18
end_of_record
TN:
SF:src\repositories\rooms.js
FN:3,<instance_members_initializer>
FNF:1
FNH:1
FNDA:3,<instance_members_initializer>
DA:1,1
DA:2,1
DA:3,1
DA:4,3
DA:5,3
LF:5
LH:5
BRDA:1,0,0,1
BRDA:3,1,0,3
BRF:2
BRH:2
end_of_record
TN:
SF:src\repositories\users.js
FNF:0
FNH:0
DA:1,1
DA:2,1
DA:3,1
DA:4,1
DA:5,1
LF:5
LH:5
BRDA:1,0,0,1
BRF:1
BRH:1
end_of_record
